<?xml version="1.0" encoding="UTF-8"?>
<testng-results ignored="0" total="1" passed="1" failed="0" skipped="0">
  <reporter-output>
  </reporter-output>
  <suite started-at="2022-11-27T10:11:27 ICT" name="Regression" finished-at="2022-11-27T10:11:53 ICT" duration-ms="25665">
    <groups>
    </groups>
    <test started-at="2022-11-27T10:11:27 ICT" name="Authentication" finished-at="2022-11-27T10:11:53 ICT" duration-ms="25665">
      <class name="src.tests.authen.LoginTest">
        <test-method signature="testLogin()[pri:0, instance:src.tests.authen.LoginTest@120f102b]" started-at="2022-11-27T10:11:27 ICT" name="testLogin" finished-at="2022-11-27T10:11:53 ICT" duration-ms="25596" status="PASS">
          <reporter-output>
          </reporter-output>
        </test-method> <!-- testLogin -->
      </class> <!-- src.tests.authen.LoginTest -->
    </test> <!-- Authentication -->
  </suite> <!-- Regression -->
</testng-results>
