<?xml version="1.0" encoding="UTF-8"?>
<testsuite xmlns:xsi="http://www.w3.org/2001/XMLSchema-instance" xsi:noNamespaceSchemaLocation="https://maven.apache.org/surefire/maven-surefire-plugin/xsd/surefire-test-report-3.0.xsd" version="3.0" name="TestSuite" time="31.206" tests="1" errors="0" skipped="0" failures="0">
  <properties>
[...]
</properties>
  <testcase name="testLogin" classname="src.tests.authen.LoginTest" time="25.603">
    <system-out><![CDATA[actualInvalidEmailTxtPlease enter a valid email address
expectedInvalidEmailTxtPlease enter a valid email address
actualInvalidPasswordTxtPlease enter at least 8 characters
expectedInvalidPasswordTxtPlease enter at least 8 characters
actualInvalidPasswordTxtPlease enter at least 8 characters
expectedInvalidPasswordTxtPlease enter at least 8 characters
actualInvalidEmailTxtPlease enter a valid email address
expectedInvalidEmailTxtPlease enter a valid email address
]]></system-out>
    <system-err><![CDATA[SLF4J: Failed to load class "org.slf4j.impl.StaticLoggerBinder".
SLF4J: Defaulting to no-operation (NOP) logger implementation
SLF4J: See http://www.slf4j.org/codes.html#StaticLoggerBinder for further details.
Nov 27, 2022 10:11:35 AM io.appium.java_client.remote.AppiumCommandExecutor$1 lambda$0
INFO: Detected dialect: W3C
]]></system-err>
  </testcase>
</testsuite>